<?xml version="1.0" encoding="UTF-8"?>
<testsuite xmlns:xsi="http://www.w3.org/2001/XMLSchema-instance" xsi:noNamespaceSchemaLocation="https://maven.apache.org/surefire/maven-surefire-plugin/xsd/surefire-test-report.xsd" name="com.github.hanwelmer.Bin2Hex.Bin2HexTest" time="0.037" tests="1" errors="1" skipped="0" failures="0">
  <properties>
[...]
</properties>
  <testcase name="testUsage" classname="com.github.hanwelmer.Bin2Hex.Bin2HexTest" time="0.008">
    <error type="java.lang.NullPointerException">java.lang.NullPointerException
	at com.github.hanwelmer.Bin2Hex.Bin2HexTest.testUsage(Bin2HexTest.java:27)
</error>
  </testcase>
</testsuite>